2024-07-27 08:11:20,579 - DEBUG - Processing URL: https://ase.md at depth 0
2024-07-27 08:11:20,881 - DEBUG - Starting new HTTPS connection (1): ase.md:443
2024-07-27 08:11:45,925 - DEBUG - Processing URL: https://ase.md at depth 0
2024-07-27 08:11:45,934 - DEBUG - Starting new HTTPS connection (1): ase.md:443
2024-07-27 08:11:48,340 - DEBUG - https://ase.md:443 "GET / HTTP/11" 200 None
2024-07-27 08:11:49,623 - DEBUG - Processing URL: https://ase.md/contacte/ at depth 1
2024-07-27 08:11:49,628 - DEBUG - Starting new HTTPS connection (1): ase.md:443
2024-07-27 08:11:51,154 - DEBUG - https://ase.md:443 "GET /contacte/ HTTP/11" 200 None
2024-07-27 08:11:52,225 - DEBUG - Processing URL: https://ase.md/contacte/ at depth 1
2024-07-27 08:11:52,225 - DEBUG - Processing URL: https://ase.md/ at depth 1
2024-07-27 08:11:52,229 - DEBUG - Starting new HTTPS connection (1): ase.md:443
2024-07-27 08:11:53,919 - DEBUG - https://ase.md:443 "GET / HTTP/11" 200 None
2024-07-27 08:11:55,199 - DEBUG - Processing URL: https://ase.md/ at depth 1
2024-07-27 08:11:55,199 - DEBUG - Processing URL: https://ase.md/#wpcf7-f7369-p2039-o1 at depth 1
2024-07-27 08:11:55,202 - DEBUG - Starting new HTTPS connection (1): ase.md:443
2024-07-27 08:11:56,890 - DEBUG - https://ase.md:443 "GET / HTTP/11" 200 None
2024-07-27 08:11:58,166 - DEBUG - Processing URL: https://ase.md/ at depth 2
2024-07-27 08:11:58,167 - DEBUG - Processing URL: https://ase.md/ at depth 2
2024-07-27 08:11:58,167 - DEBUG - Processing URL: https://ase.md/contacte/#wpcf7-f7369-p1964-o1 at depth 2
2024-07-27 08:11:58,171 - DEBUG - Starting new HTTPS connection (1): ase.md:443
2024-07-27 08:11:59,883 - DEBUG - https://ase.md:443 "GET /contacte/ HTTP/11" 200 None
2024-07-27 08:12:00,975 - DEBUG - Processing URL: https://ase.md/#wpcf7-f7369-p2039-o1 at depth 2
2024-07-27 08:12:00,977 - DEBUG - Processing URL: https://kdu.md at depth 0
2024-07-27 08:12:01,294 - DEBUG - Starting new HTTPS connection (1): kdu.md:443
2024-07-27 08:12:02,323 - DEBUG - https://kdu.md:443 "GET / HTTP/11" 301 None
2024-07-27 08:12:05,735 - DEBUG - https://kdu.md:443 "GET /ro/ HTTP/11" 200 None
2024-07-27 08:12:07,283 - DEBUG - Processing URL: https://kdu.md/ro/structura-unversit-ii/facultati/facultatea-cultura-na-ionala/departamentul-turc/contacte at depth 1
2024-07-27 08:12:07,286 - DEBUG - Starting new HTTPS connection (1): kdu.md:443
2024-07-27 08:12:09,161 - DEBUG - https://kdu.md:443 "GET /ro/structura-unversit-ii/facultati/facultatea-cultura-na-ionala/departamentul-turc/contacte HTTP/11" 200 None
2024-07-27 08:12:10,455 - DEBUG - Processing URL: https://kdu.md/ro/structura-unversit-ii/centre/centrul-de-orientare-profesionala-si-de-crestere-a-carierei/informatii-de-contact at depth 1
2024-07-27 08:12:10,458 - DEBUG - Starting new HTTPS connection (1): kdu.md:443
2024-07-27 08:12:12,157 - DEBUG - https://kdu.md:443 "GET /ro/structura-unversit-ii/centre/centrul-de-orientare-profesionala-si-de-crestere-a-carierei/informatii-de-contact HTTP/11" 200 None
2024-07-27 08:12:13,439 - DEBUG - Processing URL: https://kdu.md/ro/contacte at depth 1
2024-07-27 08:12:13,442 - DEBUG - Starting new HTTPS connection (1): kdu.md:443
2024-07-27 08:12:15,781 - DEBUG - https://kdu.md:443 "GET /ro/contacte HTTP/11" 200 None
2024-07-27 08:12:17,060 - DEBUG - Processing URL: https://kdu.md/ro/structura-unversit-ii/facultati/facultatea-cultura-na-ionala/departamentul-turc/contacte at depth 1
2024-07-27 08:12:17,060 - DEBUG - Processing URL: https://kdu.md/ro/structura-unversit-ii/centre/centrul-de-orientare-profesionala-si-de-crestere-a-carierei/informatii-de-contact at depth 1
2024-07-27 08:12:17,060 - DEBUG - Processing URL: https://kdu.md/ro/contacte at depth 1
2024-07-27 08:12:17,060 - DEBUG - Processing URL: https://kdu.md/ro/ at depth 1
2024-07-27 08:12:17,064 - DEBUG - Starting new HTTPS connection (1): kdu.md:443
2024-07-27 08:12:20,840 - DEBUG - https://kdu.md:443 "GET /ro/ HTTP/11" 200 None
2024-07-27 08:12:22,245 - DEBUG - Processing URL: https://kdu.md/ro/ at depth 1
2024-07-27 08:12:22,246 - DEBUG - Processing URL: https://kdu.md/ro/structura-unversit-ii/centre/centrul-de-orientare-profesionala-si-de-crestere-a-carierei/informatii-de-contact at depth 2
2024-07-27 08:12:22,246 - DEBUG - Processing URL: https://kdu.md/ro/contacte at depth 2
2024-07-27 08:12:22,246 - DEBUG - Processing URL: https://kdu.md/ro/structura-unversit-ii/centre/centrul-de-orientare-profesionala-si-de-crestere-a-carierei/informatii-de-contact at depth 2
2024-07-27 08:12:22,246 - DEBUG - Processing URL: https://kdu.md/ro/contacte at depth 2
2024-07-27 08:12:22,246 - DEBUG - Processing URL: https://kdu.md/ro/contacte at depth 2
2024-07-27 08:12:22,246 - DEBUG - Processing URL: https://kdu.md/ro/contacte at depth 2
2024-07-27 08:18:42,809 - DEBUG - Processing URL: https://ase.md at depth 0
2024-07-27 08:18:42,821 - DEBUG - Starting new HTTPS connection (1): ase.md:443
2024-07-27 08:18:45,182 - DEBUG - https://ase.md:443 "GET / HTTP/11" 200 None
2024-07-27 08:18:47,063 - DEBUG - Processing URL: https://ase.md/contacte/ at depth 1
2024-07-27 08:18:47,067 - DEBUG - Starting new HTTPS connection (1): ase.md:443
2024-07-27 08:18:48,718 - DEBUG - https://ase.md:443 "GET /contacte/ HTTP/11" 200 None
2024-07-27 08:18:49,783 - DEBUG - Processing URL: https://ase.md/contacte/ at depth 1
2024-07-27 08:18:49,783 - DEBUG - Processing URL: https://ase.md/ at depth 1
2024-07-27 08:18:49,787 - DEBUG - Starting new HTTPS connection (1): ase.md:443
2024-07-27 08:18:51,925 - DEBUG - https://ase.md:443 "GET / HTTP/11" 200 None
2024-07-27 08:18:53,232 - DEBUG - Processing URL: https://ase.md/ at depth 1
2024-07-27 08:18:53,232 - DEBUG - Processing URL: https://ase.md/#wpcf7-f7369-p2039-o1 at depth 1
2024-07-27 08:18:53,235 - DEBUG - Starting new HTTPS connection (1): ase.md:443
2024-07-27 08:18:55,510 - DEBUG - https://ase.md:443 "GET / HTTP/11" 200 None
2024-07-27 08:18:56,814 - DEBUG - Processing URL: https://ase.md/ at depth 2
2024-07-27 08:18:56,814 - DEBUG - Processing URL: https://ase.md/ at depth 2
2024-07-27 08:18:56,814 - DEBUG - Processing URL: https://ase.md/contacte/#wpcf7-f7369-p1964-o1 at depth 2
2024-07-27 08:18:56,817 - DEBUG - Starting new HTTPS connection (1): ase.md:443
2024-07-27 08:18:58,461 - DEBUG - https://ase.md:443 "GET /contacte/ HTTP/11" 200 None
2024-07-27 08:18:59,738 - DEBUG - Processing URL: https://ase.md/#wpcf7-f7369-p2039-o1 at depth 2
2024-07-27 08:18:59,739 - DEBUG - Processing URL: https://kdu.md at depth 0
2024-07-27 08:18:59,742 - DEBUG - Starting new HTTPS connection (1): kdu.md:443
2024-07-27 08:19:00,615 - DEBUG - https://kdu.md:443 "GET / HTTP/11" 301 None
2024-07-27 08:19:02,797 - DEBUG - https://kdu.md:443 "GET /ro/ HTTP/11" 200 None
2024-07-27 08:19:04,558 - DEBUG - Processing URL: https://kdu.md/ro/structura-unversit-ii/facultati/facultatea-cultura-na-ionala/departamentul-turc/contacte at depth 1
2024-07-27 08:19:04,562 - DEBUG - Starting new HTTPS connection (1): kdu.md:443
2024-07-27 08:19:06,144 - DEBUG - https://kdu.md:443 "GET /ro/structura-unversit-ii/facultati/facultatea-cultura-na-ionala/departamentul-turc/contacte HTTP/11" 200 None
2024-07-27 08:19:07,421 - DEBUG - Processing URL: https://kdu.md/ro/structura-unversit-ii/centre/centrul-de-orientare-profesionala-si-de-crestere-a-carierei/informatii-de-contact at depth 1
2024-07-27 08:19:07,425 - DEBUG - Starting new HTTPS connection (1): kdu.md:443
2024-07-27 08:19:08,916 - DEBUG - https://kdu.md:443 "GET /ro/structura-unversit-ii/centre/centrul-de-orientare-profesionala-si-de-crestere-a-carierei/informatii-de-contact HTTP/11" 200 None
2024-07-27 08:19:10,334 - DEBUG - Processing URL: https://kdu.md/ro/contacte at depth 1
2024-07-27 08:19:10,338 - DEBUG - Starting new HTTPS connection (1): kdu.md:443
2024-07-27 08:19:12,074 - DEBUG - https://kdu.md:443 "GET /ro/contacte HTTP/11" 200 None
2024-07-27 08:19:13,503 - DEBUG - Processing URL: https://kdu.md/ro/structura-unversit-ii/facultati/facultatea-cultura-na-ionala/departamentul-turc/contacte at depth 1
2024-07-27 08:19:13,503 - DEBUG - Processing URL: https://kdu.md/ro/structura-unversit-ii/centre/centrul-de-orientare-profesionala-si-de-crestere-a-carierei/informatii-de-contact at depth 1
2024-07-27 08:19:13,504 - DEBUG - Processing URL: https://kdu.md/ro/contacte at depth 1
2024-07-27 08:19:13,504 - DEBUG - Processing URL: https://kdu.md/ro/ at depth 1
2024-07-27 08:19:13,507 - DEBUG - Starting new HTTPS connection (1): kdu.md:443
2024-07-27 08:19:15,719 - DEBUG - https://kdu.md:443 "GET /ro/ HTTP/11" 200 None
2024-07-27 08:19:17,405 - DEBUG - Processing URL: https://kdu.md/ro/ at depth 1
2024-07-27 08:19:17,405 - DEBUG - Processing URL: https://kdu.md/ro/structura-unversit-ii/centre/centrul-de-orientare-profesionala-si-de-crestere-a-carierei/informatii-de-contact at depth 2
2024-07-27 08:19:17,405 - DEBUG - Processing URL: https://kdu.md/ro/contacte at depth 2
2024-07-27 08:19:17,406 - DEBUG - Processing URL: https://kdu.md/ro/structura-unversit-ii/centre/centrul-de-orientare-profesionala-si-de-crestere-a-carierei/informatii-de-contact at depth 2
2024-07-27 08:19:17,406 - DEBUG - Processing URL: https://kdu.md/ro/contacte at depth 2
2024-07-27 08:19:17,406 - DEBUG - Processing URL: https://kdu.md/ro/contacte at depth 2
2024-07-27 08:19:17,406 - DEBUG - Processing URL: https://kdu.md/ro/contacte at depth 2
2024-07-27 08:21:29,214 - DEBUG - Processing URL: https://ase.md at depth 0
2024-07-27 08:21:29,226 - DEBUG - Starting new HTTPS connection (1): ase.md:443
2024-07-27 08:21:30,826 - DEBUG - https://ase.md:443 "GET / HTTP/11" 200 None
2024-07-27 08:21:31,764 - DEBUG - Processing URL: https://ase.md/contacte/ at depth 1
2024-07-27 08:21:31,766 - DEBUG - Starting new HTTPS connection (1): ase.md:443
2024-07-27 08:21:33,271 - DEBUG - https://ase.md:443 "GET /contacte/ HTTP/11" 200 None
2024-07-27 08:21:33,836 - DEBUG - Processing URL: https://ase.md/contacte/ at depth 1
2024-07-27 08:21:33,836 - DEBUG - Processing URL: https://ase.md/ at depth 1
2024-07-27 08:21:33,840 - DEBUG - Starting new HTTPS connection (1): ase.md:443
2024-07-27 08:21:35,654 - DEBUG - https://ase.md:443 "GET / HTTP/11" 200 None
2024-07-27 08:21:36,621 - DEBUG - Processing URL: https://ase.md/ at depth 1
2024-07-27 08:21:36,621 - DEBUG - Processing URL: https://ase.md/#wpcf7-f7369-p2039-o1 at depth 1
2024-07-27 08:21:36,624 - DEBUG - Starting new HTTPS connection (1): ase.md:443
2024-07-27 08:21:38,194 - DEBUG - https://ase.md:443 "GET / HTTP/11" 200 None
2024-07-27 08:21:39,138 - DEBUG - Processing URL: https://ase.md/ at depth 2
2024-07-27 08:21:39,138 - DEBUG - Processing URL: https://ase.md/ at depth 2
2024-07-27 08:21:39,138 - DEBUG - Processing URL: https://ase.md/contacte/#wpcf7-f7369-p1964-o1 at depth 2
2024-07-27 08:21:39,142 - DEBUG - Starting new HTTPS connection (1): ase.md:443
2024-07-27 08:21:40,647 - DEBUG - https://ase.md:443 "GET /contacte/ HTTP/11" 200 None
2024-07-27 08:21:41,240 - DEBUG - Processing URL: https://ase.md/#wpcf7-f7369-p2039-o1 at depth 2
2024-07-27 08:21:41,241 - DEBUG - Processing URL: https://kdu.md at depth 0
2024-07-27 08:21:41,244 - DEBUG - Starting new HTTPS connection (1): kdu.md:443
2024-07-27 08:21:43,051 - DEBUG - https://kdu.md:443 "GET / HTTP/11" 301 None
2024-07-27 08:21:45,446 - DEBUG - https://kdu.md:443 "GET /ro/ HTTP/11" 200 None
2024-07-27 08:21:46,606 - DEBUG - Processing URL: https://kdu.md/ro/structura-unversit-ii/facultati/facultatea-cultura-na-ionala/departamentul-turc/contacte at depth 1
2024-07-27 08:21:46,610 - DEBUG - Starting new HTTPS connection (1): kdu.md:443
2024-07-27 08:21:48,299 - DEBUG - https://kdu.md:443 "GET /ro/structura-unversit-ii/facultati/facultatea-cultura-na-ionala/departamentul-turc/contacte HTTP/11" 200 None
2024-07-27 08:21:49,255 - DEBUG - Processing URL: https://kdu.md/ro/structura-unversit-ii/centre/centrul-de-orientare-profesionala-si-de-crestere-a-carierei/informatii-de-contact at depth 1
2024-07-27 08:21:49,259 - DEBUG - Starting new HTTPS connection (1): kdu.md:443
2024-07-27 08:21:50,895 - DEBUG - https://kdu.md:443 "GET /ro/structura-unversit-ii/centre/centrul-de-orientare-profesionala-si-de-crestere-a-carierei/informatii-de-contact HTTP/11" 200 None
2024-07-27 08:21:51,824 - DEBUG - Processing URL: https://kdu.md/ro/contacte at depth 1
2024-07-27 08:21:51,828 - DEBUG - Starting new HTTPS connection (1): kdu.md:443
2024-07-27 08:21:53,639 - DEBUG - https://kdu.md:443 "GET /ro/contacte HTTP/11" 200 None
2024-07-27 08:21:54,575 - DEBUG - Processing URL: https://kdu.md/ro/structura-unversit-ii/facultati/facultatea-cultura-na-ionala/departamentul-turc/contacte at depth 1
2024-07-27 08:21:54,575 - DEBUG - Processing URL: https://kdu.md/ro/structura-unversit-ii/centre/centrul-de-orientare-profesionala-si-de-crestere-a-carierei/informatii-de-contact at depth 1
2024-07-27 08:21:54,575 - DEBUG - Processing URL: https://kdu.md/ro/contacte at depth 1
2024-07-27 08:21:54,576 - DEBUG - Processing URL: https://kdu.md/ro/ at depth 1
2024-07-27 08:21:54,580 - DEBUG - Starting new HTTPS connection (1): kdu.md:443
2024-07-27 08:21:57,053 - DEBUG - https://kdu.md:443 "GET /ro/ HTTP/11" 200 None
2024-07-27 08:21:58,285 - DEBUG - Processing URL: https://kdu.md/ro/ at depth 1
2024-07-27 08:21:58,285 - DEBUG - Processing URL: https://kdu.md/ro/structura-unversit-ii/centre/centrul-de-orientare-profesionala-si-de-crestere-a-carierei/informatii-de-contact at depth 2
2024-07-27 08:21:58,285 - DEBUG - Processing URL: https://kdu.md/ro/contacte at depth 2
2024-07-27 08:21:58,285 - DEBUG - Processing URL: https://kdu.md/ro/structura-unversit-ii/centre/centrul-de-orientare-profesionala-si-de-crestere-a-carierei/informatii-de-contact at depth 2
2024-07-27 08:21:58,285 - DEBUG - Processing URL: https://kdu.md/ro/contacte at depth 2
2024-07-27 08:21:58,286 - DEBUG - Processing URL: https://kdu.md/ro/contacte at depth 2
2024-07-27 08:21:58,286 - DEBUG - Processing URL: https://kdu.md/ro/contacte at depth 2
